\BOOKMARK [1][-]{section.1}{\376\377\0001\000.\000\040\225\356\230\230\221\315\217\360}{}% 1
\BOOKMARK [2][-]{subsection.1.1}{\376\377\0001\000.\0001\000\040\225\356\230\230\200\314\146\157}{section.1}% 2
\BOOKMARK [2][-]{subsection.1.2}{\376\377\0001\000.\0002\000\040\225\356\230\230\143\320\121\372}{section.1}% 3
\BOOKMARK [1][-]{section.2}{\376\377\0002\000.\000\040\152\041\127\213\120\107\213\276}{}% 4
\BOOKMARK [1][-]{section.3}{\376\377\0003\000.\000\040\173\046\123\367\213\364\146\016}{}% 5
\BOOKMARK [1][-]{section.4}{\376\377\0004\000.\000\040\225\356\230\230\122\006\147\220\116\016\154\102\211\343}{}% 6
\BOOKMARK [2][-]{subsection.4.1}{\376\377\0004\000.\0001\000\040\225\356\230\230\116\000\377\032\145\160\143\156\131\004\164\006}{section.4}% 7
\BOOKMARK [3][-]{subsubsection.4.1.1}{\376\377\0004\000.\0001\000.\0001\000\040\225\356\230\230\122\006\147\220}{subsection.4.1}% 8
\BOOKMARK [3][-]{subsubsection.4.1.2}{\376\377\0004\000.\0001\000.\0002\000\040\133\371\124\053\172\172\120\074\123\330\221\317\166\204\122\006\147\220}{subsection.4.1}% 9
\BOOKMARK [3][-]{subsubsection.4.1.3}{\376\377\0004\000.\0001\000.\0003\000\040\133\371\135\345\116\032\145\160\143\156\116\055\166\204\172\172\120\074\123\330\221\317\217\333\210\114\131\004\164\006}{subsection.4.1}% 10
\BOOKMARK [2][-]{subsection.4.2}{\376\377\0004\000.\0002\000\040\225\356\230\230\116\214\377\032\133\373\142\176\136\372\152\041\116\073\211\201\123\330\221\317}{section.4}% 11
\BOOKMARK [3][-]{subsubsection.4.2.1}{\376\377\0004\000.\0002\000.\0001\000\040\225\356\230\230\122\006\147\220}{subsection.4.2}% 12
\BOOKMARK [3][-]{subsubsection.4.2.2}{\376\377\0004\000.\0002\000.\0002\000\040\127\072\146\157\136\372\152\041\142\026\200\005\121\166\116\326}{subsection.4.2}% 13
\BOOKMARK [3][-]{subsubsection.4.2.3}{\376\377\0004\000.\0002\000.\0003\000\040\162\171\137\201\213\276\213\241\123\312\121\166\116\326}{subsection.4.2}% 14
\BOOKMARK [2][-]{subsection.4.3}{\376\377\0004\000.\0003\000\040\225\356\230\230\116\011\377\032\136\372\172\313\217\233\160\367\120\074\377\010\000R\000O\000N\377\011\143\137\131\061\230\204\155\113\152\041\127\213}{section.4}% 15
\BOOKMARK [3][-]{subsubsection.4.3.1}{\376\377\0004\000.\0003\000.\0001\000\040\225\356\230\230\122\006\147\220}{subsection.4.3}% 16
\BOOKMARK [3][-]{subsubsection.4.3.2}{\376\377\0004\000.\0003\000.\0002\000\040\127\072\146\157\136\372\152\041\142\026\200\005\121\166\116\326}{subsection.4.3}% 17
\BOOKMARK [3][-]{subsubsection.4.3.3}{\376\377\0004\000.\0003\000.\0003\000\040\162\171\137\201\213\276\213\241\123\312\121\166\116\326}{subsection.4.3}% 18
\BOOKMARK [2][-]{subsection.4.4}{\376\377\0004\000.\0004\000\040\225\356\230\230\126\333\377\032\116\073\211\201\123\330\221\317\144\315\117\134\145\271\150\110\166\204\117\030\123\026}{section.4}% 19
\BOOKMARK [3][-]{subsubsection.4.4.1}{\376\377\0004\000.\0004\000.\0001\000\040\225\356\230\230\122\006\147\220}{subsection.4.4}% 20
\BOOKMARK [3][-]{subsubsection.4.4.2}{\376\377\0004\000.\0004\000.\0002\000\040\127\072\146\157\136\372\152\041\142\026\200\005\121\166\116\326}{subsection.4.4}% 21
\BOOKMARK [3][-]{subsubsection.4.4.3}{\376\377\0004\000.\0004\000.\0003\000\040\162\171\137\201\213\276\213\241\123\312\121\166\116\326}{subsection.4.4}% 22
\BOOKMARK [2][-]{subsection.4.5}{\376\377\0004\000.\0005\000\040\225\356\230\230\116\224\377\032\152\041\127\213\166\204\123\357\211\306\123\026\134\125\171\072}{section.4}% 23
\BOOKMARK [3][-]{subsubsection.4.5.1}{\376\377\0004\000.\0005\000.\0001\000\040\225\356\230\230\122\006\147\220}{subsection.4.5}% 24
\BOOKMARK [3][-]{subsubsection.4.5.2}{\376\377\0004\000.\0005\000.\0002\000\040\127\072\146\157\136\372\152\041\142\026\200\005\121\166\116\326}{subsection.4.5}% 25
\BOOKMARK [3][-]{subsubsection.4.5.3}{\376\377\0004\000.\0005\000.\0003\000\040\162\171\137\201\213\276\213\241\123\312\121\166\116\326}{subsection.4.5}% 26
\BOOKMARK [1][-]{section.5}{\376\377\0005\000.\000\040\152\041\127\213\213\304\116\367}{}% 27
\BOOKMARK [2][-]{subsection.5.1}{\376\377\0005\000.\0001\000\040\152\041\127\213\166\204\117\030\160\271}{section.5}% 28
\BOOKMARK [2][-]{subsection.5.2}{\376\377\0005\000.\0002\000\040\152\041\127\213\166\204\177\072\160\271}{section.5}% 29
\BOOKMARK [1][-]{section.6}{\376\377\0006\000.\000\040\122\240\126\376\166\204\145\271\154\325\377\014\213\260\137\227\122\040\226\144}{}% 30
\BOOKMARK [1][-]{section*.8}{\376\377\123\302\200\003\145\207\163\056}{}% 31
\BOOKMARK [1][-]{section*.10}{\376\377\123\302\200\003\145\207\163\056}{}% 32
\BOOKMARK [1][-]{section.1}{\376\377\226\104\137\125\000A\000\040\142\021\166\204\000\040\000P\000y\000t\000h\000o\000n\000\040\156\220\172\013\136\217}{}% 33
